Copyright 1986-2019 Xilinx, Inc. All Rights Reserved.
-------------------------------------------------------------------------------------------------
| Tool Version : Vivado v.2019.2 (win64) Build 2708876 Wed Nov  6 21:40:23 MST 2019
| Date         : Wed Feb 12 22:01:15 2020
| Host         : DEMENION running 64-bit major release  (build 9200)
| Command      : report_control_sets -verbose -file Block_Design_wrapper_control_sets_placed.rpt
| Design       : Block_Design_wrapper
| Device       : xc7z007s
-------------------------------------------------------------------------------------------------

Control Set Information

Table of Contents
-----------------
1. Summary
2. Histogram
3. Flip-Flop Distribution
4. Detailed Control Set Information

1. Summary
----------

+----------------------------------------------------------+-------+
|                          Status                          | Count |
+----------------------------------------------------------+-------+
| Total control sets                                       |    47 |
|    Minimum number of control sets                        |    47 |
|    Addition due to synthesis replication                 |     0 |
|    Addition due to physical synthesis replication        |     0 |
| Unused register locations in slices containing registers |   103 |
+----------------------------------------------------------+-------+
* Control sets can be merged at opt_design using control_set_merge or merge_equivalent_drivers
** Run report_qor_suggestions for automated merging and remapping suggestions


2. Histogram
------------

+--------------------+-------+
|       Fanout       | Count |
+--------------------+-------+
| Total control sets |    47 |
| >= 0 to < 4        |     1 |
| >= 4 to < 6        |    12 |
| >= 6 to < 8        |     1 |
| >= 8 to < 10       |    13 |
| >= 10 to < 12      |     2 |
| >= 12 to < 14      |     3 |
| >= 14 to < 16      |     2 |
| >= 16              |    13 |
+--------------------+-------+
* Control sets can be remapped at either synth_design or opt_design


3. Flip-Flop Distribution
-------------------------

+--------------+-----------------------+------------------------+-----------------+--------------+
| Clock Enable | Synchronous Set/Reset | Asynchronous Set/Reset | Total Registers | Total Slices |
+--------------+-----------------------+------------------------+-----------------+--------------+
| No           | No                    | No                     |             114 |           32 |
| No           | No                    | Yes                    |               0 |            0 |
| No           | Yes                   | No                     |              32 |           16 |
| Yes          | No                    | No                     |             284 |           62 |
| Yes          | No                    | Yes                    |               0 |            0 |
| Yes          | Yes                   | No                     |             195 |           47 |
+--------------+-----------------------+------------------------+-----------------+--------------+


4. Detailed Control Set Information
-----------------------------------

+-----------------------------------------------------+--------------------------------------------------------------------------------------------------------------------------------------------------------------------+-----------------------------------------------------------------------------------------------------------------------------------------------------------+------------------+----------------+
|                     Clock Signal                    |                                                                            Enable Signal                                                                           |                                                                      Set/Reset Signal                                                                     | Slice Load Count | Bel Load Count |
+-----------------------------------------------------+--------------------------------------------------------------------------------------------------------------------------------------------------------------------+-----------------------------------------------------------------------------------------------------------------------------------------------------------+------------------+----------------+
|  Block_Design_i/processing_system7_0/inst/FCLK_CLK0 | Block_Design_i/ps7_0_axi_periph/s00_couplers/auto_pc/inst/gen_axilite.gen_b2s_conv.axilite_b2s/WR.b_channel_0/bid_fifo_0/bresp_push                                |                                                                                                                                                           |                1 |              2 |
|  Block_Design_i/processing_system7_0/inst/FCLK_CLK0 |                                                                                                                                                                    | Block_Design_i/rst_ps7_0_50M/U0/EXT_LPF/lpf_int                                                                                                           |                2 |              4 |
|  Block_Design_i/processing_system7_0/inst/FCLK_CLK0 |                                                                                                                                                                    | Block_Design_i/ps7_0_axi_periph/s00_couplers/auto_pc/inst/gen_axilite.gen_b2s_conv.axilite_b2s/SI_REG/aw.aw_pipe/aresetn_d_reg[0]_0                       |                3 |              4 |
|  Block_Design_i/processing_system7_0/inst/FCLK_CLK0 |                                                                                                                                                                    | Block_Design_i/ps7_0_axi_periph/s00_couplers/auto_pc/inst/gen_axilite.gen_b2s_conv.axilite_b2s/SI_REG/ar.ar_pipe/aresetn_d_reg[1]_inv_0                   |                3 |              4 |
|  Block_Design_i/processing_system7_0/inst/FCLK_CLK0 | Block_Design_i/ps7_0_axi_periph/s00_couplers/auto_pc/inst/gen_axilite.gen_b2s_conv.axilite_b2s/WR.aw_channel_0/aw_cmd_fsm_0/E[0]                                   |                                                                                                                                                           |                2 |              4 |
|  Block_Design_i/processing_system7_0/inst/FCLK_CLK0 | Block_Design_i/ps7_0_axi_periph/s00_couplers/auto_pc/inst/gen_axilite.gen_b2s_conv.axilite_b2s/WR.aw_channel_0/cmd_translator_0/incr_cmd_0/axaddr_incr[11]_i_1_n_0 |                                                                                                                                                           |                2 |              4 |
|  Block_Design_i/processing_system7_0/inst/FCLK_CLK0 | Block_Design_i/ps7_0_axi_periph/s00_couplers/auto_pc/inst/gen_axilite.gen_b2s_conv.axilite_b2s/RD.ar_channel_0/ar_cmd_fsm_0/E[0]                                   |                                                                                                                                                           |                2 |              4 |
|  Block_Design_i/processing_system7_0/inst/FCLK_CLK0 | Block_Design_i/ps7_0_axi_periph/s00_couplers/auto_pc/inst/gen_axilite.gen_b2s_conv.axilite_b2s/RD.ar_channel_0/ar_cmd_fsm_0/sel_first_reg[0]                       |                                                                                                                                                           |                1 |              4 |
|  Block_Design_i/processing_system7_0/inst/FCLK_CLK0 | Block_Design_i/ps7_0_axi_periph/s00_couplers/auto_pc/inst/gen_axilite.gen_b2s_conv.axilite_b2s/RD.ar_channel_0/ar_cmd_fsm_0/m_axi_arready_0                        | Block_Design_i/ps7_0_axi_periph/s00_couplers/auto_pc/inst/gen_axilite.gen_b2s_conv.axilite_b2s/RD.ar_channel_0/ar_cmd_fsm_0/FSM_sequential_state_reg[1]_0 |                2 |              5 |
|  Block_Design_i/processing_system7_0/inst/FCLK_CLK0 | Block_Design_i/ps7_0_axi_periph/s00_couplers/auto_pc/inst/gen_axilite.gen_b2s_conv.axilite_b2s/WR.aw_channel_0/aw_cmd_fsm_0/m_valid_i_reg_0                        | Block_Design_i/ps7_0_axi_periph/s00_couplers/auto_pc/inst/gen_axilite.gen_b2s_conv.axilite_b2s/WR.aw_channel_0/aw_cmd_fsm_0/m_valid_i_reg                 |                3 |              5 |
|  Block_Design_i/processing_system7_0/inst/FCLK_CLK0 | Block_Design_i/ps7_0_axi_periph/s00_couplers/auto_pc/inst/gen_axilite.gen_b2s_conv.axilite_b2s/RD.r_channel_0/transaction_fifo_0/cnt_read[4]_i_1__0_n_0            | Block_Design_i/ps7_0_axi_periph/s00_couplers/auto_pc/inst/gen_axilite.gen_b2s_conv.axilite_b2s/areset_d1                                                  |                1 |              5 |
|  Block_Design_i/processing_system7_0/inst/FCLK_CLK0 | Block_Design_i/ps7_0_axi_periph/s00_couplers/auto_pc/inst/gen_axilite.gen_b2s_conv.axilite_b2s/RD.r_channel_0/transaction_fifo_0/E[0]                              | Block_Design_i/ps7_0_axi_periph/s00_couplers/auto_pc/inst/gen_axilite.gen_b2s_conv.axilite_b2s/areset_d1                                                  |                2 |              5 |
|  Block_Design_i/processing_system7_0/inst/FCLK_CLK1 |                                                                                                                                                                    |                                                                                                                                                           |                2 |              5 |
|  Block_Design_i/processing_system7_0/inst/FCLK_CLK0 | Block_Design_i/rst_ps7_0_50M/U0/SEQ/seq_cnt_en                                                                                                                     | Block_Design_i/rst_ps7_0_50M/U0/SEQ/SEQ_COUNTER/clear                                                                                                     |                1 |              6 |
|  Block_Design_i/processing_system7_0/inst/FCLK_CLK0 | Block_Design_i/Ultrasonic_IP_0/U0/Ultrasonic_IP_v1_0_S00_AXI_inst/slv_reg1[15]_i_1_n_0                                                                             | Block_Design_i/Ultrasonic_IP_0/U0/Ultrasonic_IP_v1_0_S00_AXI_inst/axi_awready_i_1_n_0                                                                     |                2 |              8 |
|  Block_Design_i/processing_system7_0/inst/FCLK_CLK0 | Block_Design_i/ps7_0_axi_periph/s00_couplers/auto_pc/inst/gen_axilite.gen_b2s_conv.axilite_b2s/WR.b_channel_0/mhandshake_r                                         | Block_Design_i/ps7_0_axi_periph/s00_couplers/auto_pc/inst/gen_axilite.gen_b2s_conv.axilite_b2s/WR.b_channel_0/bid_fifo_0/SR[0]                            |                3 |              8 |
|  Block_Design_i/processing_system7_0/inst/FCLK_CLK0 | Block_Design_i/Ultrasonic_IP_0/U0/Ultrasonic_IP_v1_0_S00_AXI_inst/slv_reg3[15]_i_1_n_0                                                                             | Block_Design_i/Ultrasonic_IP_0/U0/Ultrasonic_IP_v1_0_S00_AXI_inst/axi_awready_i_1_n_0                                                                     |                2 |              8 |
|  Block_Design_i/processing_system7_0/inst/FCLK_CLK0 | Block_Design_i/Ultrasonic_IP_0/U0/Ultrasonic_IP_v1_0_S00_AXI_inst/slv_reg1[23]_i_1_n_0                                                                             | Block_Design_i/Ultrasonic_IP_0/U0/Ultrasonic_IP_v1_0_S00_AXI_inst/axi_awready_i_1_n_0                                                                     |                1 |              8 |
|  Block_Design_i/processing_system7_0/inst/FCLK_CLK0 | Block_Design_i/Ultrasonic_IP_0/U0/Ultrasonic_IP_v1_0_S00_AXI_inst/slv_reg1[31]_i_1_n_0                                                                             | Block_Design_i/Ultrasonic_IP_0/U0/Ultrasonic_IP_v1_0_S00_AXI_inst/axi_awready_i_1_n_0                                                                     |                1 |              8 |
|  Block_Design_i/processing_system7_0/inst/FCLK_CLK0 | Block_Design_i/Ultrasonic_IP_0/U0/Ultrasonic_IP_v1_0_S00_AXI_inst/slv_reg1[7]_i_1_n_0                                                                              | Block_Design_i/Ultrasonic_IP_0/U0/Ultrasonic_IP_v1_0_S00_AXI_inst/axi_awready_i_1_n_0                                                                     |                1 |              8 |
|  Block_Design_i/processing_system7_0/inst/FCLK_CLK0 | Block_Design_i/Ultrasonic_IP_0/U0/Ultrasonic_IP_v1_0_S00_AXI_inst/slv_reg3[7]_i_1_n_0                                                                              | Block_Design_i/Ultrasonic_IP_0/U0/Ultrasonic_IP_v1_0_S00_AXI_inst/axi_awready_i_1_n_0                                                                     |                1 |              8 |
|  Block_Design_i/processing_system7_0/inst/FCLK_CLK0 | Block_Design_i/Ultrasonic_IP_0/U0/Ultrasonic_IP_v1_0_S00_AXI_inst/slv_reg2[15]_i_1_n_0                                                                             | Block_Design_i/Ultrasonic_IP_0/U0/Ultrasonic_IP_v1_0_S00_AXI_inst/axi_awready_i_1_n_0                                                                     |                1 |              8 |
|  Block_Design_i/processing_system7_0/inst/FCLK_CLK0 | Block_Design_i/Ultrasonic_IP_0/U0/Ultrasonic_IP_v1_0_S00_AXI_inst/slv_reg2[23]_i_1_n_0                                                                             | Block_Design_i/Ultrasonic_IP_0/U0/Ultrasonic_IP_v1_0_S00_AXI_inst/axi_awready_i_1_n_0                                                                     |                1 |              8 |
|  Block_Design_i/processing_system7_0/inst/FCLK_CLK0 | Block_Design_i/Ultrasonic_IP_0/U0/Ultrasonic_IP_v1_0_S00_AXI_inst/slv_reg2[7]_i_1_n_0                                                                              | Block_Design_i/Ultrasonic_IP_0/U0/Ultrasonic_IP_v1_0_S00_AXI_inst/axi_awready_i_1_n_0                                                                     |                1 |              8 |
|  Block_Design_i/processing_system7_0/inst/FCLK_CLK0 | Block_Design_i/Ultrasonic_IP_0/U0/Ultrasonic_IP_v1_0_S00_AXI_inst/slv_reg2[31]_i_1_n_0                                                                             | Block_Design_i/Ultrasonic_IP_0/U0/Ultrasonic_IP_v1_0_S00_AXI_inst/axi_awready_i_1_n_0                                                                     |                1 |              8 |
|  Block_Design_i/processing_system7_0/inst/FCLK_CLK0 | Block_Design_i/Ultrasonic_IP_0/U0/Ultrasonic_IP_v1_0_S00_AXI_inst/slv_reg3[23]_i_1_n_0                                                                             | Block_Design_i/Ultrasonic_IP_0/U0/Ultrasonic_IP_v1_0_S00_AXI_inst/axi_awready_i_1_n_0                                                                     |                1 |              8 |
|  Block_Design_i/processing_system7_0/inst/FCLK_CLK0 | Block_Design_i/Ultrasonic_IP_0/U0/Ultrasonic_IP_v1_0_S00_AXI_inst/slv_reg3[31]_i_1_n_0                                                                             | Block_Design_i/Ultrasonic_IP_0/U0/Ultrasonic_IP_v1_0_S00_AXI_inst/axi_awready_i_1_n_0                                                                     |                1 |              8 |
|  Block_Design_i/processing_system7_0/inst/FCLK_CLK0 |                                                                                                                                                                    | Block_Design_i/ps7_0_axi_periph/s00_couplers/auto_pc/inst/gen_axilite.gen_b2s_conv.axilite_b2s/areset_d1                                                  |                5 |             10 |
|  Block_Design_i/processing_system7_0/inst/FCLK_CLK0 |                                                                                                                                                                    | Block_Design_i/Ultrasonic_IP_0/U0/Ultrasonic_IP_v1_0_S00_AXI_inst/axi_awready_i_1_n_0                                                                     |                3 |             10 |
|  Block_Design_i/processing_system7_0/inst/FCLK_CLK0 | Block_Design_i/ps7_0_axi_periph/s00_couplers/auto_pc/inst/gen_axilite.gen_b2s_conv.axilite_b2s/RD.r_channel_0/r_push_r                                             |                                                                                                                                                           |                4 |             13 |
|  Block_Design_i/processing_system7_0/inst/FCLK_CLK0 | Block_Design_i/ps7_0_axi_periph/s00_couplers/auto_pc/inst/gen_axilite.gen_b2s_conv.axilite_b2s/RD.ar_channel_0/ar_cmd_fsm_0/m_axi_arready_0                        |                                                                                                                                                           |                5 |             13 |
|  Block_Design_i/processing_system7_0/inst/FCLK_CLK0 | Block_Design_i/ps7_0_axi_periph/s00_couplers/auto_pc/inst/gen_axilite.gen_b2s_conv.axilite_b2s/WR.aw_channel_0/aw_cmd_fsm_0/m_valid_i_reg_0                        |                                                                                                                                                           |                4 |             13 |
|  Block_Design_i/processing_system7_0/inst/FCLK_CLK0 | Block_Design_i/ps7_0_axi_periph/s00_couplers/auto_pc/inst/gen_axilite.gen_b2s_conv.axilite_b2s/SI_REG/b.b_pipe/p_1_in                                              |                                                                                                                                                           |                2 |             14 |
|  Block_Design_i/processing_system7_0/inst/FCLK_CLK0 | Block_Design_i/ps7_0_axi_periph/s00_couplers/auto_pc/inst/gen_axilite.gen_b2s_conv.axilite_b2s/SI_REG/b.b_pipe/s_ready_i_reg_0                                     |                                                                                                                                                           |                2 |             14 |
|  Block_Design_i/processing_system7_0/inst/FCLK_CLK0 | Block_Design_i/ps7_0_axi_periph/s00_couplers/auto_pc/inst/gen_axilite.gen_b2s_conv.axilite_b2s/WR.aw_channel_0/aw_cmd_fsm_0/b_push                                 |                                                                                                                                                           |                3 |             16 |
|  Block_Design_i/processing_system7_0/inst/FCLK_CLK1 | Block_Design_i/Ultrasonic_IP_0/U0/Ultrasonic_IP_v1_0_S00_AXI_inst/axi_HC_SR04/centimeters[0]_i_1_n_0                                                               | Block_Design_i/Ultrasonic_IP_0/U0/Ultrasonic_IP_v1_0_S00_AXI_inst/axi_HC_SR04/count[16]_i_1_n_0                                                           |                4 |             16 |
|  Block_Design_i/processing_system7_0/inst/FCLK_CLK1 | Block_Design_i/Ultrasonic_IP_0/U0/Ultrasonic_IP_v1_0_S00_AXI_inst/axi_HC_SR04/sonar_out[15]_i_1_n_0                                                                |                                                                                                                                                           |                5 |             16 |
|  Block_Design_i/processing_system7_0/inst/FCLK_CLK1 | Block_Design_i/Ultrasonic_IP_0/U0/Ultrasonic_IP_v1_0_S00_AXI_inst/axi_HC_SR04/count[16]_i_2_n_0                                                                    | Block_Design_i/Ultrasonic_IP_0/U0/Ultrasonic_IP_v1_0_S00_AXI_inst/axi_HC_SR04/count[16]_i_1_n_0                                                           |                8 |             17 |
|  Block_Design_i/processing_system7_0/inst/FCLK_CLK0 | Block_Design_i/ps7_0_axi_periph/s00_couplers/auto_pc/inst/gen_axilite.gen_b2s_conv.axilite_b2s/SI_REG/ar.ar_pipe/s_ready_i_reg_0                                   |                                                                                                                                                           |                5 |             27 |
|  Block_Design_i/processing_system7_0/inst/FCLK_CLK0 | Block_Design_i/ps7_0_axi_periph/s00_couplers/auto_pc/inst/gen_axilite.gen_b2s_conv.axilite_b2s/WR.aw_channel_0/aw_cmd_fsm_0/m_valid_i_reg_1[0]                     |                                                                                                                                                           |                5 |             27 |
|  Block_Design_i/processing_system7_0/inst/FCLK_CLK0 | Block_Design_i/ps7_0_axi_periph/s00_couplers/auto_pc/inst/gen_axilite.gen_b2s_conv.axilite_b2s/SI_REG/aw.aw_pipe/s_ready_i_reg_0                                   |                                                                                                                                                           |                5 |             27 |
|  Block_Design_i/processing_system7_0/inst/FCLK_CLK0 | Block_Design_i/ps7_0_axi_periph/s00_couplers/auto_pc/inst/gen_axilite.gen_b2s_conv.axilite_b2s/RD.ar_channel_0/ar_cmd_fsm_0/FSM_sequential_state_reg[1]_1[0]       |                                                                                                                                                           |                6 |             27 |
|  Block_Design_i/processing_system7_0/inst/FCLK_CLK0 | Block_Design_i/Ultrasonic_IP_0/U0/Ultrasonic_IP_v1_0_S00_AXI_inst/slv_reg_rden                                                                                     | Block_Design_i/Ultrasonic_IP_0/U0/Ultrasonic_IP_v1_0_S00_AXI_inst/axi_awready_i_1_n_0                                                                     |                9 |             32 |
|  Block_Design_i/processing_system7_0/inst/FCLK_CLK0 | Block_Design_i/ps7_0_axi_periph/s00_couplers/auto_pc/inst/gen_axilite.gen_b2s_conv.axilite_b2s/RD.r_channel_0/rd_data_fifo_0/wr_en0                                |                                                                                                                                                           |                8 |             32 |
|  Block_Design_i/processing_system7_0/inst/FCLK_CLK0 | Block_Design_i/ps7_0_axi_periph/s00_couplers/auto_pc/inst/gen_axilite.gen_b2s_conv.axilite_b2s/SI_REG/r.r_pipe/p_1_in                                              |                                                                                                                                                           |                7 |             45 |
|  Block_Design_i/processing_system7_0/inst/FCLK_CLK0 | Block_Design_i/ps7_0_axi_periph/s00_couplers/auto_pc/inst/gen_axilite.gen_b2s_conv.axilite_b2s/SI_REG/r.r_pipe/s_ready_i_reg_0                                     |                                                                                                                                                           |                9 |             45 |
|  Block_Design_i/processing_system7_0/inst/FCLK_CLK0 |                                                                                                                                                                    |                                                                                                                                                           |               31 |            110 |
+-----------------------------------------------------+--------------------------------------------------------------------------------------------------------------------------------------------------------------------+-----------------------------------------------------------------------------------------------------------------------------------------------------------+------------------+----------------+


